<?xml version="1.0" encoding="UTF-8"?>
<!-- Generated by org.testng.reporters.JUnitReportReporter -->
<testsuite skipped="0" hostname="DESKTOP-56T3BOV" name="Testingng.day1" tests="1" failures="0" timestamp="2020-02-23T15:15:39 IST" time="0.011" errors="0">
  <testcase name="Demo" time="0.011" classname="Testingng.day1"/>
</testsuite> <!-- Testingng.day1 -->
