<?xml version="1.0" encoding="UTF-8"?>
<!-- Generated by org.testng.reporters.JUnitReportReporter -->
<testsuite skipped="1" hostname="DESKTOP-56T3BOV" name="PRC.emp1" tests="2" failures="0" timestamp="2020-02-23T22:56:49 IST" time="0.012" errors="0">
  <testcase name="smarty2" time="0.012" classname="PRC.emp1"/>
  <testcase name="anothersmart" classname="PRC.emp1">
    <skipped/>
  </testcase> <!-- anothersmart -->
</testsuite> <!-- PRC.emp1 -->
