<?xml version="1.0" encoding="UTF-8"?>
<!-- Generated by org.testng.reporters.JUnitReportReporter -->
<testsuite skipped="0" hostname="DESKTOP-56T3BOV" name="Testingng.day3" tests="7" failures="0" timestamp="2021-03-15T02:04:32 IST" time="0.019" errors="0">
  <testcase name="MobilesignoutcarLoan" time="0.003" classname="Testingng.day3"/>
  <system-out/>
  <testcase name="MobilesignimcarLoan" time="0.003" classname="Testingng.day3"/>
  <system-out/>
  <testcase name="WebloginCarLoan" time="0.002" classname="Testingng.day3"/>
  <system-out/>
  <testcase name="MobileLogincarLoan" time="0.002" classname="Testingng.day3"/>
  <system-out/>
  <testcase name="MobilesignoutcarLoan" time="0.003" classname="Testingng.day3"/>
  <system-out/>
  <testcase name="MobilesignoutcarLoan" time="0.004" classname="Testingng.day3"/>
  <system-out/>
  <testcase name="APIcarLoan" time="0.002" classname="Testingng.day3"/>
  <system-out/>
</testsuite> <!-- Testingng.day3 -->
