<?xml version="1.0" encoding="UTF-8"?>
<!-- Generated by org.testng.reporters.JUnitReportReporter -->
<testsuite skipped="0" hostname="DESKTOP-56T3BOV" name="PRC.emp3" tests="1" failures="0" timestamp="2020-02-23T22:56:49 IST" time="0.003" errors="0">
  <testcase name="smarty2" time="0.003" classname="PRC.emp3"/>
</testsuite> <!-- PRC.emp3 -->
