<?xml version="1.0" encoding="UTF-8"?>
<!-- Generated by org.testng.reporters.JUnitReportReporter -->
<testsuite skipped="0" hostname="DESKTOP-56T3BOV" name="Testingng.day4" tests="3" failures="0" timestamp="2021-03-15T02:04:32 IST" time="0.026" errors="0">
  <testcase name="APIHomeLoan" time="0.019" classname="Testingng.day4"/>
  <system-out/>
  <testcase name="MobileLoginHomeLoan" time="0.004" classname="Testingng.day4"/>
  <system-out/>
  <testcase name="WebloginHomeLoan" time="0.003" classname="Testingng.day4"/>
  <system-out/>
</testsuite> <!-- Testingng.day4 -->
