<?xml version="1.0" encoding="UTF-8"?>
<!-- Generated by org.testng.reporters.JUnitReportReporter -->
<testsuite skipped="0" hostname="DESKTOP-56T3BOV" name="Testingng.day4" tests="3" failures="0" timestamp="2020-02-23T15:15:39 IST" time="0.013" errors="0">
  <testcase name="WebloginHomeLoan" time="0.005" classname="Testingng.day4"/>
  <testcase name="MobileLoginHomeLoan" time="0.003" classname="Testingng.day4"/>
  <testcase name="LoginAPIHomeLoan" time="0.005" classname="Testingng.day4"/>
</testsuite> <!-- Testingng.day4 -->
