<?xml version="1.0" encoding="UTF-8"?>
<!-- Generated by org.testng.reporters.JUnitReportReporter -->
<testsuite skipped="1" hostname="DESKTOP-56T3BOV" name="Testingng.day3" tests="6" failures="0" timestamp="2020-02-23T12:41:44 IST" time="0.017" errors="0">
  <testcase name="MobilesignoutcarLoan" time="0.003" classname="Testingng.day3"/>
  <testcase name="MobileLogincarLoan" time="0.006" classname="Testingng.day3"/>
  <testcase name="MobilesignoutcarLoan" time="0.004" classname="Testingng.day3"/>
  <testcase name="MobilesignoutcarLoan" time="0.002" classname="Testingng.day3"/>
  <testcase name="WebloginCarLoan" time="0.002" classname="Testingng.day3"/>
  <testcase name="MobilesignimcarLoan" classname="Testingng.day3">
    <skipped/>
  </testcase> <!-- MobilesignimcarLoan -->
</testsuite> <!-- Testingng.day3 -->
