<?xml version="1.0" encoding="UTF-8"?>
<!-- Generated by org.testng.reporters.JUnitReportReporter -->
<testsuite skipped="0" hostname="DESKTOP-56T3BOV" name="Testingng.day2" tests="3" failures="0" timestamp="2021-03-15T02:04:32 IST" time="0.018" errors="0">
  <testcase name="ploan" time="0.002" classname="Testingng.day2"/>
  <system-out/>
  <testcase name="plan" time="0.011" classname="Testingng.day2"/>
  <system-out/>
  <testcase name="prerequiste" time="0.005" classname="Testingng.day2"/>
  <system-out/>
</testsuite> <!-- Testingng.day2 -->
