<?xml version="1.0" encoding="UTF-8"?>
<!-- Generated by org.testng.reporters.JUnitReportReporter -->
<testsuite skipped="0" hostname="DESKTOP-56T3BOV" name="Testingng.day5" tests="2" failures="0" timestamp="2021-03-15T02:20:05 IST" time="0.088" errors="0">
  <testcase name="SecondTest" time="0.002" classname="Testingng.day5"/>
  <system-out/>
  <testcase name="Demo" time="0.086" classname="Testingng.day5"/>
  <system-out/>
</testsuite> <!-- Testingng.day5 -->
