<?xml version="1.0" encoding="UTF-8"?>
<!-- Generated by org.testng.reporters.JUnitReportReporter -->
<testsuite skipped="0" hostname="DESKTOP-56T3BOV" name="seleniumsessions.dropdown" tests="1" failures="0" timestamp="2020-08-02T17:32:56 IST" time="12.810" errors="0">
  <testcase name="star" time="12.810" classname="seleniumsessions.dropdown"/>
  <system-out/>
</testsuite> <!-- seleniumsessions.dropdown -->
